<?xml version="1.0" encoding="UTF-8"?>
<testng-results skipped="0" failed="1" ignored="0" total="3" passed="2">
  <reporter-output>
  </reporter-output>
  <suite name="TestSuite" duration-ms="23239" started-at="2020-02-20T10:39:49Z" finished-at="2020-02-20T10:40:13Z">
    <groups>
    </groups>
    <test name="Test" duration-ms="23239" started-at="2020-02-20T10:39:49Z" finished-at="2020-02-20T10:40:13Z">
      <class name="com.MavenTest03">
        <test-method status="PASS" signature="beforeMethod()[pri:0, instance:com.MavenTest03@7dc7cbad]" name="beforeMethod" is-config="true" duration-ms="226" started-at="2020-02-20T10:40:06Z" finished-at="2020-02-20T10:40:06Z">
          <reporter-output>
          </reporter-output>
        </test-method> <!-- beforeMethod -->
        <test-method status="FAIL" signature="testCase1()[pri:0, instance:com.MavenTest03@7dc7cbad]" name="testCase1" duration-ms="6041" started-at="2020-02-20T10:40:06Z" finished-at="2020-02-20T10:40:12Z">
          <exception class="java.lang.AssertionError">
            <message>
              <![CDATA[expected [false] but found [true]]]>
            </message>
            <full-stacktrace>
              <![CDATA[java.lang.AssertionError: expected [false] but found [true]
at org.testng.Assert.fail(Assert.java:96)
at org.testng.Assert.failNotEquals(Assert.java:776)
at org.testng.Assert.assertEqualsImpl(Assert.java:137)
at org.testng.Assert.assertEquals(Assert.java:118)
at org.testng.Assert.assertEquals(Assert.java:568)
at org.testng.Assert.assertEquals(Assert.java:578)
at com.MavenTest03.testCase1(MavenTest03.java:54)
at sun.reflect.NativeMethodAccessorImpl.invoke0(Native Method)
at sun.reflect.NativeMethodAccessorImpl.invoke(NativeMethodAccessorImpl.java:62)
at sun.reflect.DelegatingMethodAccessorImpl.invoke(DelegatingMethodAccessorImpl.java:43)
at java.lang.reflect.Method.invoke(Method.java:498)
at org.testng.internal.MethodInvocationHelper.invokeMethod(MethodInvocationHelper.java:124)
at org.testng.internal.Invoker.invokeMethod(Invoker.java:583)
at org.testng.internal.Invoker.invokeTestMethod(Invoker.java:719)
at org.testng.internal.Invoker.invokeTestMethods(Invoker.java:989)
at org.testng.internal.TestMethodWorker.invokeTestMethods(TestMethodWorker.java:125)
at org.testng.internal.TestMethodWorker.run(TestMethodWorker.java:109)
at org.testng.TestRunner.privateRun(TestRunner.java:648)
at org.testng.TestRunner.run(TestRunner.java:505)
at org.testng.SuiteRunner.runTest(SuiteRunner.java:455)
at org.testng.SuiteRunner.runSequentially(SuiteRunner.java:450)
at org.testng.SuiteRunner.privateRun(SuiteRunner.java:415)
at org.testng.SuiteRunner.run(SuiteRunner.java:364)
at org.testng.SuiteRunnerWorker.runSuite(SuiteRunnerWorker.java:52)
at org.testng.SuiteRunnerWorker.run(SuiteRunnerWorker.java:84)
at org.testng.TestNG.runSuitesSequentially(TestNG.java:1208)
at org.testng.TestNG.runSuitesLocally(TestNG.java:1137)
at org.testng.TestNG.runSuites(TestNG.java:1049)
at org.testng.TestNG.run(TestNG.java:1017)
at org.apache.maven.surefire.testng.TestNGExecutor.run(TestNGExecutor.java:283)
at org.apache.maven.surefire.testng.TestNGXmlTestSuite.execute(TestNGXmlTestSuite.java:75)
at org.apache.maven.surefire.testng.TestNGProvider.invoke(TestNGProvider.java:120)
at org.apache.maven.surefire.booter.ForkedBooter.invokeProviderInSameClassLoader(ForkedBooter.java:386)
at org.apache.maven.surefire.booter.ForkedBooter.runSuitesInProcess(ForkedBooter.java:323)
at org.apache.maven.surefire.booter.ForkedBooter.main(ForkedBooter.java:143)
]]>
            </full-stacktrace>
          </exception> <!-- java.lang.AssertionError -->
          <reporter-output>
          </reporter-output>
        </test-method> <!-- testCase1 -->
        <test-method status="PASS" signature="afterMethod()[pri:0, instance:com.MavenTest03@7dc7cbad]" name="afterMethod" is-config="true" duration-ms="257" started-at="2020-02-20T10:40:12Z" finished-at="2020-02-20T10:40:13Z">
          <reporter-output>
          </reporter-output>
        </test-method> <!-- afterMethod -->
      </class> <!-- com.MavenTest03 -->
      <class name="com.MavenTest02">
        <test-method status="PASS" signature="setup()[pri:0, instance:com.MavenTest02@5419f379]" name="setup" is-config="true" duration-ms="225" started-at="2020-02-20T10:39:59Z" finished-at="2020-02-20T10:39:59Z">
          <reporter-output>
          </reporter-output>
        </test-method> <!-- setup -->
        <test-method status="PASS" signature="test01()[pri:0, instance:com.MavenTest02@5419f379]" name="test01" duration-ms="6948" started-at="2020-02-20T10:39:59Z" finished-at="2020-02-20T10:40:06Z">
          <reporter-output>
          </reporter-output>
        </test-method> <!-- test01 -->
        <test-method status="PASS" signature="quitBrowser()[pri:0, instance:com.MavenTest02@5419f379]" name="quitBrowser" is-config="true" duration-ms="233" started-at="2020-02-20T10:40:06Z" finished-at="2020-02-20T10:40:06Z">
          <reporter-output>
          </reporter-output>
        </test-method> <!-- quitBrowser -->
      </class> <!-- com.MavenTest02 -->
      <class name="com.MavenTest01">
        <test-method status="PASS" signature="beforeMethod()[pri:0, instance:com.MavenTest01@4520ebad]" name="beforeMethod" is-config="true" duration-ms="322" started-at="2020-02-20T10:39:49Z" finished-at="2020-02-20T10:39:50Z">
          <reporter-output>
          </reporter-output>
        </test-method> <!-- beforeMethod -->
        <test-method status="PASS" signature="testCase1()[pri:0, instance:com.MavenTest01@4520ebad]" name="testCase1" duration-ms="8659" started-at="2020-02-20T10:39:50Z" finished-at="2020-02-20T10:39:58Z">
          <reporter-output>
          </reporter-output>
        </test-method> <!-- testCase1 -->
        <test-method status="PASS" signature="afterMethod()[pri:0, instance:com.MavenTest01@4520ebad]" name="afterMethod" is-config="true" duration-ms="267" started-at="2020-02-20T10:39:58Z" finished-at="2020-02-20T10:39:59Z">
          <reporter-output>
          </reporter-output>
        </test-method> <!-- afterMethod -->
      </class> <!-- com.MavenTest01 -->
    </test> <!-- Test -->
  </suite> <!-- TestSuite -->
</testng-results>
